<?xml version="1.0" encoding="UTF-8"?>
<testsuite name="service.client.ClientServiceImplTest" tests="1" skipped="0" failures="0" errors="0" timestamp="2022-04-02T13:29:11" hostname="DESKTOP-0D3KFP4" time="0.043">
  <properties/>
  <testcase name="addClient()" classname="service.client.ClientServiceImplTest" time="0.043"/>
  <system-out><![CDATA[]]></system-out>
  <system-err><![CDATA[]]></system-err>
</testsuite>
